<?xml version="1.0" encoding="UTF-8"?>
<!-- Generated by org.testng.reporters.JUnitReportReporter -->
<testsuite skipped="0" hostname="LAPTOP-Q3S8RENO" name="seleniumpractice.Test2" tests="2" failures="0" timestamp="28 Oct 2019 21:05:49 GMT" time="0.000" errors="0">
  <testcase name="Test5" time="0.000" classname="seleniumpractice.Test2"/>
  <testcase name="Test4" time="0.000" classname="seleniumpractice.Test2"/>
</testsuite> <!-- seleniumpractice.Test2 -->
