<?xml version="1.0" encoding="UTF-8"?>
<!-- Generated by org.testng.reporters.JUnitReportReporter -->
<testsuite skipped="0" hostname="LAPTOP-Q3S8RENO" name="seleniumpractice.Test1" tests="5" failures="0" timestamp="28 Oct 2019 21:05:49 GMT" time="0.015" errors="0">
  <testcase name="f" time="0.000" classname="seleniumpractice.Test1"/>
  <testcase name="f" time="0.000" classname="seleniumpractice.Test1"/>
  <testcase name="test1" time="0.000" classname="seleniumpractice.Test1"/>
  <testcase name="test3" time="0.000" classname="seleniumpractice.Test1"/>
  <testcase name="test2" time="0.015" classname="seleniumpractice.Test1"/>
</testsuite> <!-- seleniumpractice.Test1 -->
