<?xml version="1.0" encoding="UTF-8"?>
<!-- Generated by org.testng.reporters.JUnitReportReporter -->
<testsuite skipped="0" hostname="LAPTOP-Q3S8RENO" name="com.practice.Testing2" tests="2" failures="0" timestamp="2019-11-04T13:33:22 PST" time="0.000" errors="0">
  <testcase name="testing5" time="0.000" classname="com.practice.Testing2"/>
  <testcase name="testing4" time="0.000" classname="com.practice.Testing2"/>
</testsuite> <!-- com.practice.Testing2 -->
