<?xml version="1.0" encoding="UTF-8"?>
<!-- Generated by org.testng.reporters.JUnitReportReporter -->
<testsuite skipped="0" hostname="LAPTOP-Q3S8RENO" name="com.practice.Testing1" tests="5" failures="0" timestamp="2019-11-04T13:33:22 PST" time="0.046" errors="0">
  <testcase name="test3" time="0.015" classname="com.practice.Testing1"/>
  <testcase name="f" time="0.016" classname="com.practice.Testing1"/>
  <testcase name="test2" time="0.015" classname="com.practice.Testing1"/>
  <testcase name="f" time="0.000" classname="com.practice.Testing1"/>
  <testcase name="test1" time="0.000" classname="com.practice.Testing1"/>
</testsuite> <!-- com.practice.Testing1 -->
