<?xml version="1.0" encoding="UTF-8"?>
<!-- Generated by org.testng.reporters.JUnitReportReporter -->
<testsuite skipped="0" hostname="LAPTOP-Q3S8RENO" name="com.testing.Testing2" tests="2" failures="0" timestamp="03 Nov 2019 05:51:12 GMT" time="0.016" errors="0">
  <testcase name="testing4" time="0.016" classname="com.testing.Testing2"/>
  <testcase name="testing5" time="0.000" classname="com.testing.Testing2"/>
</testsuite> <!-- com.testing.Testing2 -->
