<?xml version="1.0" encoding="UTF-8"?>
<!-- Generated by org.testng.reporters.JUnitReportReporter -->
<testsuite skipped="0" hostname="LAPTOP-Q3S8RENO" name="com.testing.Testing1" tests="5" failures="0" timestamp="03 Nov 2019 05:51:12 GMT" time="0.062" errors="0">
  <testcase name="test1" time="0.015" classname="com.testing.Testing1"/>
  <testcase name="f" time="0.031" classname="com.testing.Testing1"/>
  <testcase name="test2" time="0.016" classname="com.testing.Testing1"/>
  <testcase name="f" time="0.000" classname="com.testing.Testing1"/>
  <testcase name="test3" time="0.000" classname="com.testing.Testing1"/>
</testsuite> <!-- com.testing.Testing1 -->
